<?xml version="1.0" encoding="UTF-8"?>
<testsuites>
  <testsuite name="fastlane.lanes">
    
    
    
      
      <testcase classname="fastlane.lanes" name="0: default_platform" time="0.021852">
        
      </testcase>
    
      
      <testcase classname="fastlane.lanes" name="1: pod_push" time="33.52816">
        
          <failure message="/Library/Ruby/Gems/2.3.0/gems/fastlane-2.93.1/fastlane/lib/fastlane/actions/actions_helper.rb:48:in `execute_action'&#10;/Library/Ruby/Gems/2.3.0/gems/fastlane-2.93.1/fastlane/lib/fastlane/runner.rb:236:in `block in execute_action'&#10;/Library/Ruby/Gems/2.3.0/gems/fastlane-2.93.1/fastlane/lib/fastlane/runner.rb:231:in `chdir'&#10;/Library/Ruby/Gems/2.3.0/gems/fastlane-2.93.1/fastlane/lib/fastlane/runner.rb:231:in `execute_action'&#10;/Library/Ruby/Gems/2.3.0/gems/fastlane-2.93.1/fastlane/lib/fastlane/runner.rb:157:in `trigger_action_by_name'&#10;/Library/Ruby/Gems/2.3.0/gems/fastlane-2.93.1/fastlane/lib/fastlane/fast_file.rb:148:in `method_missing'&#10;Fastfile:17:in `block (2 levels) in parsing_binding'&#10;/Library/Ruby/Gems/2.3.0/gems/fastlane-2.93.1/fastlane/lib/fastlane/lane.rb:33:in `call'&#10;/Library/Ruby/Gems/2.3.0/gems/fastlane-2.93.1/fastlane/lib/fastlane/runner.rb:49:in `block in execute'&#10;/Library/Ruby/Gems/2.3.0/gems/fastlane-2.93.1/fastlane/lib/fastlane/runner.rb:45:in `chdir'&#10;/Library/Ruby/Gems/2.3.0/gems/fastlane-2.93.1/fastlane/lib/fastlane/runner.rb:45:in `execute'&#10;/Library/Ruby/Gems/2.3.0/gems/fastlane-2.93.1/fastlane/lib/fastlane/lane_manager.rb:59:in `cruise_lane'&#10;/Library/Ruby/Gems/2.3.0/gems/fastlane-2.93.1/fastlane/lib/fastlane/command_line_handler.rb:36:in `handle'&#10;/Library/Ruby/Gems/2.3.0/gems/fastlane-2.93.1/fastlane/lib/fastlane/commands_generator.rb:107:in `block (2 levels) in run'&#10;/Library/Ruby/Gems/2.3.0/gems/commander-fastlane-4.4.6/lib/commander/command.rb:178:in `call'&#10;/Library/Ruby/Gems/2.3.0/gems/commander-fastlane-4.4.6/lib/commander/command.rb:153:in `run'&#10;/Library/Ruby/Gems/2.3.0/gems/commander-fastlane-4.4.6/lib/commander/runner.rb:476:in `run_active_command'&#10;/Library/Ruby/Gems/2.3.0/gems/fastlane-2.93.1/fastlane_core/lib/fastlane_core/ui/fastlane_runner.rb:75:in `run!'&#10;/Library/Ruby/Gems/2.3.0/gems/commander-fastlane-4.4.6/lib/commander/delegates.rb:15:in `run!'&#10;/Library/Ruby/Gems/2.3.0/gems/fastlane-2.93.1/fastlane/lib/fastlane/commands_generator.rb:332:in `run'&#10;/Library/Ruby/Gems/2.3.0/gems/fastlane-2.93.1/fastlane/lib/fastlane/commands_generator.rb:41:in `start'&#10;/Library/Ruby/Gems/2.3.0/gems/fastlane-2.93.1/fastlane/lib/fastlane/cli_tools_distributor.rb:108:in `take_off'&#10;/Library/Ruby/Gems/2.3.0/gems/fastlane-2.93.1/bin/fastlane:20:in `&lt;top (required)&gt;'&#10;/usr/local/bin/fastlane:22:in `load'&#10;/usr/local/bin/fastlane:22:in `&lt;main&gt;'&#10;&#10;Exit status of command 'pod trunk push --swift-version=4.1 --allow-warnings' was 1 instead of 0.&#10;[32m&#10;[!] Found podspec `ALSimplePriorityQueue.podspec`[0m&#10;Updating spec repo `master`&#10;Validating podspec&#10; -&gt; ALSimplePriorityQueue -&gt; ALSimplePriorityQueue (0.1.5)&#10;    - WARN  | summary: The summary is not meaningful.&#10;    - ERROR | [iOS] xcodebuild: Returned an unsuccessful exit code. You can use `--verbose` for more information.&#10;    - ERROR | xcodebuild:  ALSimplePriorityQueue/ALSimplePriorityQueue/Classes/PriorityQueue.swift:45:36: error: value of type '[T]' has no member 'replacedItem'&#10;    - ERROR | xcodebuild:  ALSimplePriorityQueue/ALSimplePriorityQueue/Classes/PriorityQueue.swift:58:21: error: cannot invoke 'values' with an argument list of type '(where: (PriorityValue) -&gt; Bool)'&#10;&#10;[!] The spec did not pass validation, due to 3 errors.&#10;" />
        
      </testcase>
    
  </testsuite>
</testsuites>
